
*** Running vivado
    with args -log top.vds -m64 -product Vivado -mode batch -messageDb vivado.pb -notrace -source top.tcl



****** Vivado v2020.1 (64-bit)
  **** SW Build 2902540 on Wed May 27 19:54:49 MDT 2020
  **** IP Build 2902112 on Wed May 27 22:43:36 MDT 2020
    ** Copyright 1986-2020 Xilinx, Inc. All Rights Reserved.

source top.tcl -notrace
Command: synth_design -top top -part xc7z007sclg400-1
Starting synth_design
Attempting to get a license for feature 'Synthesis' and/or device 'xc7z007s'
INFO: [Common 17-349] Got license for feature 'Synthesis' and/or device 'xc7z007s'
INFO: [Device 21-403] Loading part xc7z007sclg400-1
INFO: [Synth 8-7079] Multithreading enabled for synth_design using a maximum of 2 processes.
INFO: [Synth 8-7078] Launching helper process for spawning children vivado processes
INFO: [Synth 8-7075] Helper process launched with PID 20340
---------------------------------------------------------------------------------
Starting RTL Elaboration : Time (s): cpu = 00:00:05 ; elapsed = 00:00:06 . Memory (MB): peak = 1024.586 ; gain = 0.000
---------------------------------------------------------------------------------
INFO: [Synth 8-6157] synthesizing module 'top' [C:/Users/boxiang/Desktop/ee_214_projects/project_10_challenge/project_10_challenge.srcs/sources_1/new/top.v:23]
INFO: [Synth 8-6157] synthesizing module 'pipo' [C:/Users/boxiang/Desktop/ee_214_projects/project_10_challenge/project_10_challenge.srcs/sources_1/new/pipo.v:23]
INFO: [Synth 8-6157] synthesizing module 'dff' [C:/Users/boxiang/Desktop/ee_214_projects/project_10_challenge/project_10_challenge.srcs/sources_1/new/dff.v:23]
INFO: [Synth 8-6155] done synthesizing module 'dff' (1#1) [C:/Users/boxiang/Desktop/ee_214_projects/project_10_challenge/project_10_challenge.srcs/sources_1/new/dff.v:23]
INFO: [Synth 8-6155] done synthesizing module 'pipo' (2#1) [C:/Users/boxiang/Desktop/ee_214_projects/project_10_challenge/project_10_challenge.srcs/sources_1/new/pipo.v:23]
INFO: [Synth 8-6157] synthesizing module 'alu' [C:/Users/boxiang/Desktop/ee_214_projects/project_10_challenge/project_10_challenge.srcs/sources_1/new/alu.v:23]
INFO: [Synth 8-6155] done synthesizing module 'alu' (3#1) [C:/Users/boxiang/Desktop/ee_214_projects/project_10_challenge/project_10_challenge.srcs/sources_1/new/alu.v:23]
WARNING: [Synth 8-689] width (16) of port connection 'Y' does not match port width (8) of module 'alu' [C:/Users/boxiang/Desktop/ee_214_projects/project_10_challenge/project_10_challenge.srcs/sources_1/new/top.v:37]
INFO: [Synth 8-6157] synthesizing module 'SSD' [C:/Users/boxiang/Desktop/ee_214_projects/project_10_challenge/project_10_challenge.srcs/sources_1/new/SDD.v:23]
INFO: [Synth 8-6157] synthesizing module 'clkdiv' [C:/Users/boxiang/Desktop/ee_214_projects/project_10_challenge/project_10_challenge.srcs/sources_1/new/SDD.v:122]
INFO: [Synth 8-6155] done synthesizing module 'clkdiv' (4#1) [C:/Users/boxiang/Desktop/ee_214_projects/project_10_challenge/project_10_challenge.srcs/sources_1/new/SDD.v:122]
INFO: [Synth 8-6157] synthesizing module 'counter' [C:/Users/boxiang/Desktop/ee_214_projects/project_10_challenge/project_10_challenge.srcs/sources_1/new/SDD.v:44]
INFO: [Synth 8-6155] done synthesizing module 'counter' (5#1) [C:/Users/boxiang/Desktop/ee_214_projects/project_10_challenge/project_10_challenge.srcs/sources_1/new/SDD.v:44]
INFO: [Synth 8-6157] synthesizing module 'encoder2_4' [C:/Users/boxiang/Desktop/ee_214_projects/project_10_challenge/project_10_challenge.srcs/sources_1/new/SDD.v:53]
INFO: [Synth 8-226] default block is never used [C:/Users/boxiang/Desktop/ee_214_projects/project_10_challenge/project_10_challenge.srcs/sources_1/new/SDD.v:60]
INFO: [Synth 8-6155] done synthesizing module 'encoder2_4' (6#1) [C:/Users/boxiang/Desktop/ee_214_projects/project_10_challenge/project_10_challenge.srcs/sources_1/new/SDD.v:53]
INFO: [Synth 8-6157] synthesizing module 'ssdDecoder' [C:/Users/boxiang/Desktop/ee_214_projects/project_10_challenge/project_10_challenge.srcs/sources_1/new/SDD.v:89]
INFO: [Synth 8-6155] done synthesizing module 'ssdDecoder' (7#1) [C:/Users/boxiang/Desktop/ee_214_projects/project_10_challenge/project_10_challenge.srcs/sources_1/new/SDD.v:89]
INFO: [Synth 8-6157] synthesizing module 'mux4_1' [C:/Users/boxiang/Desktop/ee_214_projects/project_10_challenge/project_10_challenge.srcs/sources_1/new/SDD.v:71]
INFO: [Synth 8-6155] done synthesizing module 'mux4_1' (8#1) [C:/Users/boxiang/Desktop/ee_214_projects/project_10_challenge/project_10_challenge.srcs/sources_1/new/SDD.v:71]
INFO: [Synth 8-6155] done synthesizing module 'SSD' (9#1) [C:/Users/boxiang/Desktop/ee_214_projects/project_10_challenge/project_10_challenge.srcs/sources_1/new/SDD.v:23]
INFO: [Synth 8-6155] done synthesizing module 'top' (10#1) [C:/Users/boxiang/Desktop/ee_214_projects/project_10_challenge/project_10_challenge.srcs/sources_1/new/top.v:23]
---------------------------------------------------------------------------------
Finished RTL Elaboration : Time (s): cpu = 00:00:06 ; elapsed = 00:00:07 . Memory (MB): peak = 1024.586 ; gain = 0.000
---------------------------------------------------------------------------------
---------------------------------------------------------------------------------
Start Handling Custom Attributes
---------------------------------------------------------------------------------
---------------------------------------------------------------------------------
Finished Handling Custom Attributes : Time (s): cpu = 00:00:07 ; elapsed = 00:00:08 . Memory (MB): peak = 1024.586 ; gain = 0.000
---------------------------------------------------------------------------------
---------------------------------------------------------------------------------
Finished RTL Optimization Phase 1 : Time (s): cpu = 00:00:07 ; elapsed = 00:00:08 . Memory (MB): peak = 1024.586 ; gain = 0.000
---------------------------------------------------------------------------------
Netlist sorting complete. Time (s): cpu = 00:00:00 ; elapsed = 00:00:00.002 . Memory (MB): peak = 1024.586 ; gain = 0.000
INFO: [Project 1-570] Preparing netlist for logic optimization

Processing XDC Constraints
Initializing timing engine
Parsing XDC File [C:/Users/boxiang/Desktop/ee_214_projects/project_10_challenge/project_10_challenge.srcs/constrs_1/new/p10c1.xdc]
Finished Parsing XDC File [C:/Users/boxiang/Desktop/ee_214_projects/project_10_challenge/project_10_challenge.srcs/constrs_1/new/p10c1.xdc]
INFO: [Project 1-236] Implementation specific constraints were found while reading constraint file [C:/Users/boxiang/Desktop/ee_214_projects/project_10_challenge/project_10_challenge.srcs/constrs_1/new/p10c1.xdc]. These constraints will be ignored for synthesis but will be used in implementation. Impacted constraints are listed in the file [.Xil/top_propImpl.xdc].
Resolution: To avoid this warning, move constraints listed in [.Xil/top_propImpl.xdc] to another XDC file and exclude this new file from synthesis with the used_in_synthesis property (File Properties dialog in GUI) and re-run elaboration/synthesis.
Completed Processing XDC Constraints

Netlist sorting complete. Time (s): cpu = 00:00:00 ; elapsed = 00:00:00 . Memory (MB): peak = 1049.012 ; gain = 0.000
INFO: [Project 1-111] Unisim Transformation Summary:
No Unisim elements were transformed.

Constraint Validation Runtime : Time (s): cpu = 00:00:00 ; elapsed = 00:00:00.004 . Memory (MB): peak = 1049.012 ; gain = 0.000
---------------------------------------------------------------------------------
Finished Constraint Validation : Time (s): cpu = 00:00:15 ; elapsed = 00:00:16 . Memory (MB): peak = 1049.012 ; gain = 24.426
---------------------------------------------------------------------------------
---------------------------------------------------------------------------------
Start Loading Part and Timing Information
---------------------------------------------------------------------------------
Loading part: xc7z007sclg400-1
---------------------------------------------------------------------------------
Finished Loading Part and Timing Information : Time (s): cpu = 00:00:15 ; elapsed = 00:00:16 . Memory (MB): peak = 1049.012 ; gain = 24.426
---------------------------------------------------------------------------------
---------------------------------------------------------------------------------
Start Applying 'set_property' XDC Constraints
---------------------------------------------------------------------------------
---------------------------------------------------------------------------------
Finished applying 'set_property' XDC Constraints : Time (s): cpu = 00:00:15 ; elapsed = 00:00:16 . Memory (MB): peak = 1049.012 ; gain = 24.426
---------------------------------------------------------------------------------
---------------------------------------------------------------------------------
Finished RTL Optimization Phase 2 : Time (s): cpu = 00:00:15 ; elapsed = 00:00:17 . Memory (MB): peak = 1049.012 ; gain = 24.426
---------------------------------------------------------------------------------
---------------------------------------------------------------------------------
Start RTL Component Statistics 
---------------------------------------------------------------------------------
Detailed RTL Component Info : 
+---Adders : 
	   3 Input    8 Bit       Adders := 1     
	   2 Input    2 Bit       Adders := 1     
+---XORs : 
	   2 Input      8 Bit         XORs := 1     
	   2 Input      1 Bit         XORs := 1     
+---Registers : 
	                2 Bit    Registers := 1     
	                1 Bit    Registers := 17    
+---Muxes : 
	   7 Input    8 Bit        Muxes := 1     
	  17 Input    8 Bit        Muxes := 1     
	   4 Input    4 Bit        Muxes := 2     
---------------------------------------------------------------------------------
Finished RTL Component Statistics 
---------------------------------------------------------------------------------
---------------------------------------------------------------------------------
Start Part Resource Summary
---------------------------------------------------------------------------------
Part Resources:
DSPs: 66 (col length:40)
BRAMs: 100 (col length: RAMB18 40 RAMB36 20)
---------------------------------------------------------------------------------
Finished Part Resource Summary
---------------------------------------------------------------------------------
---------------------------------------------------------------------------------
Start Cross Boundary and Area Optimization
---------------------------------------------------------------------------------
---------------------------------------------------------------------------------
Finished Cross Boundary and Area Optimization : Time (s): cpu = 00:00:18 ; elapsed = 00:00:20 . Memory (MB): peak = 1049.012 ; gain = 24.426
---------------------------------------------------------------------------------
---------------------------------------------------------------------------------
Start Applying XDC Timing Constraints
---------------------------------------------------------------------------------
---------------------------------------------------------------------------------
Finished Applying XDC Timing Constraints : Time (s): cpu = 00:00:27 ; elapsed = 00:00:29 . Memory (MB): peak = 1049.012 ; gain = 24.426
---------------------------------------------------------------------------------
---------------------------------------------------------------------------------
Start Timing Optimization
---------------------------------------------------------------------------------
---------------------------------------------------------------------------------
Finished Timing Optimization : Time (s): cpu = 00:00:27 ; elapsed = 00:00:29 . Memory (MB): peak = 1049.012 ; gain = 24.426
---------------------------------------------------------------------------------
---------------------------------------------------------------------------------
Start Technology Mapping
---------------------------------------------------------------------------------
---------------------------------------------------------------------------------
Finished Technology Mapping : Time (s): cpu = 00:00:27 ; elapsed = 00:00:29 . Memory (MB): peak = 1049.012 ; gain = 24.426
---------------------------------------------------------------------------------
---------------------------------------------------------------------------------
Start IO Insertion
---------------------------------------------------------------------------------
---------------------------------------------------------------------------------
Start Flattening Before IO Insertion
---------------------------------------------------------------------------------
---------------------------------------------------------------------------------
Finished Flattening Before IO Insertion
---------------------------------------------------------------------------------
---------------------------------------------------------------------------------
Start Final Netlist Cleanup
---------------------------------------------------------------------------------
---------------------------------------------------------------------------------
Finished Final Netlist Cleanup
---------------------------------------------------------------------------------
---------------------------------------------------------------------------------
Finished IO Insertion : Time (s): cpu = 00:00:31 ; elapsed = 00:00:33 . Memory (MB): peak = 1049.344 ; gain = 24.758
---------------------------------------------------------------------------------
---------------------------------------------------------------------------------
Start Renaming Generated Instances
---------------------------------------------------------------------------------
---------------------------------------------------------------------------------
Finished Renaming Generated Instances : Time (s): cpu = 00:00:31 ; elapsed = 00:00:33 . Memory (MB): peak = 1049.344 ; gain = 24.758
---------------------------------------------------------------------------------
---------------------------------------------------------------------------------
Start Rebuilding User Hierarchy
---------------------------------------------------------------------------------
---------------------------------------------------------------------------------
Finished Rebuilding User Hierarchy : Time (s): cpu = 00:00:31 ; elapsed = 00:00:33 . Memory (MB): peak = 1049.344 ; gain = 24.758
---------------------------------------------------------------------------------
---------------------------------------------------------------------------------
Start Renaming Generated Ports
---------------------------------------------------------------------------------
---------------------------------------------------------------------------------
Finished Renaming Generated Ports : Time (s): cpu = 00:00:31 ; elapsed = 00:00:33 . Memory (MB): peak = 1049.344 ; gain = 24.758
---------------------------------------------------------------------------------
---------------------------------------------------------------------------------
Start Handling Custom Attributes
---------------------------------------------------------------------------------
---------------------------------------------------------------------------------
Finished Handling Custom Attributes : Time (s): cpu = 00:00:31 ; elapsed = 00:00:33 . Memory (MB): peak = 1049.344 ; gain = 24.758
---------------------------------------------------------------------------------
---------------------------------------------------------------------------------
Start Renaming Generated Nets
---------------------------------------------------------------------------------
---------------------------------------------------------------------------------
Finished Renaming Generated Nets : Time (s): cpu = 00:00:31 ; elapsed = 00:00:33 . Memory (MB): peak = 1049.344 ; gain = 24.758
---------------------------------------------------------------------------------
---------------------------------------------------------------------------------
Start Writing Synthesis Report
---------------------------------------------------------------------------------

Report BlackBoxes: 
+-+--------------+----------+
| |BlackBox name |Instances |
+-+--------------+----------+
+-+--------------+----------+

Report Cell Usage: 
+------+-------+------+
|      |Cell   |Count |
+------+-------+------+
|1     |BUFG   |     3|
|2     |CARRY4 |     6|
|3     |LUT1   |     1|
|4     |LUT2   |    24|
|5     |LUT3   |     1|
|6     |LUT4   |    21|
|7     |LUT5   |     2|
|8     |LUT6   |     9|
|9     |FDCE   |    16|
|10    |FDRE   |    19|
|11    |IBUF   |    15|
|12    |OBUF   |    16|
+------+-------+------+
---------------------------------------------------------------------------------
Finished Writing Synthesis Report : Time (s): cpu = 00:00:31 ; elapsed = 00:00:33 . Memory (MB): peak = 1049.344 ; gain = 24.758
---------------------------------------------------------------------------------
Synthesis finished with 0 errors, 0 critical warnings and 0 warnings.
Synthesis Optimization Runtime : Time (s): cpu = 00:00:23 ; elapsed = 00:00:31 . Memory (MB): peak = 1049.344 ; gain = 0.332
Synthesis Optimization Complete : Time (s): cpu = 00:00:32 ; elapsed = 00:00:33 . Memory (MB): peak = 1049.344 ; gain = 24.758
INFO: [Project 1-571] Translating synthesized netlist
Netlist sorting complete. Time (s): cpu = 00:00:00 ; elapsed = 00:00:00.002 . Memory (MB): peak = 1049.344 ; gain = 0.000
INFO: [Netlist 29-17] Analyzing 6 Unisim elements for replacement
INFO: [Netlist 29-28] Unisim Transformation completed in 0 CPU seconds
INFO: [Project 1-570] Preparing netlist for logic optimization
INFO: [Opt 31-138] Pushed 0 inverter(s) to 0 load pin(s).
Netlist sorting complete. Time (s): cpu = 00:00:00 ; elapsed = 00:00:00 . Memory (MB): peak = 1056.590 ; gain = 0.000
INFO: [Project 1-111] Unisim Transformation Summary:
No Unisim elements were transformed.

INFO: [Common 17-83] Releasing license: Synthesis
36 Infos, 1 Warnings, 0 Critical Warnings and 0 Errors encountered.
synth_design completed successfully
synth_design: Time (s): cpu = 00:00:40 ; elapsed = 00:00:45 . Memory (MB): peak = 1056.590 ; gain = 32.004
INFO: [Common 17-1381] The checkpoint 'C:/Users/boxiang/Desktop/ee_214_projects/project_10_challenge/project_10_challenge.runs/synth_1/top.dcp' has been generated.
INFO: [runtcl-4] Executing : report_utilization -file top_utilization_synth.rpt -pb top_utilization_synth.pb
INFO: [Common 17-206] Exiting Vivado at Fri Dec  4 21:19:32 2020...
