
*** Running vivado
    with args -log p7r4_Register.vds -m64 -product Vivado -mode batch -messageDb vivado.pb -notrace -source p7r4_Register.tcl



****** Vivado v2020.1 (64-bit)
  **** SW Build 2902540 on Wed May 27 19:54:49 MDT 2020
  **** IP Build 2902112 on Wed May 27 22:43:36 MDT 2020
    ** Copyright 1986-2020 Xilinx, Inc. All Rights Reserved.

source p7r4_Register.tcl -notrace
Command: synth_design -top p7r4_Register -part xc7z007sclg400-1
Starting synth_design
Attempting to get a license for feature 'Synthesis' and/or device 'xc7z007s'
INFO: [Common 17-349] Got license for feature 'Synthesis' and/or device 'xc7z007s'
INFO: [Device 21-403] Loading part xc7z007sclg400-1
INFO: [Synth 8-7079] Multithreading enabled for synth_design using a maximum of 2 processes.
INFO: [Synth 8-7078] Launching helper process for spawning children vivado processes
INFO: [Synth 8-7075] Helper process launched with PID 17448
---------------------------------------------------------------------------------
Starting RTL Elaboration : Time (s): cpu = 00:00:05 ; elapsed = 00:00:05 . Memory (MB): peak = 1024.590 ; gain = 0.000
---------------------------------------------------------------------------------
INFO: [Synth 8-6157] synthesizing module 'p7r4_Register' [C:/Users/boxiang/Desktop/ee_214_projects/project_7_4/project_7_4.srcs/sources_1/new/p7r4_Register.v:23]
INFO: [Synth 8-6157] synthesizing module 'p7r4_mux' [C:/Users/boxiang/Desktop/ee_214_projects/project_7_4/project_7_4.srcs/sources_1/new/p7r4_mux.v:23]
INFO: [Synth 8-6155] done synthesizing module 'p7r4_mux' (1#1) [C:/Users/boxiang/Desktop/ee_214_projects/project_7_4/project_7_4.srcs/sources_1/new/p7r4_mux.v:23]
INFO: [Synth 8-6157] synthesizing module 'p7r4_Ff' [C:/Users/boxiang/Desktop/ee_214_projects/project_7_4/project_7_4.srcs/sources_1/new/p7r4_Ff.v:23]
INFO: [Synth 8-6155] done synthesizing module 'p7r4_Ff' (2#1) [C:/Users/boxiang/Desktop/ee_214_projects/project_7_4/project_7_4.srcs/sources_1/new/p7r4_Ff.v:23]
INFO: [Synth 8-6155] done synthesizing module 'p7r4_Register' (3#1) [C:/Users/boxiang/Desktop/ee_214_projects/project_7_4/project_7_4.srcs/sources_1/new/p7r4_Register.v:23]
---------------------------------------------------------------------------------
Finished RTL Elaboration : Time (s): cpu = 00:00:06 ; elapsed = 00:00:07 . Memory (MB): peak = 1024.590 ; gain = 0.000
---------------------------------------------------------------------------------
---------------------------------------------------------------------------------
Start Handling Custom Attributes
---------------------------------------------------------------------------------
---------------------------------------------------------------------------------
Finished Handling Custom Attributes : Time (s): cpu = 00:00:07 ; elapsed = 00:00:07 . Memory (MB): peak = 1024.590 ; gain = 0.000
---------------------------------------------------------------------------------
---------------------------------------------------------------------------------
Finished RTL Optimization Phase 1 : Time (s): cpu = 00:00:07 ; elapsed = 00:00:07 . Memory (MB): peak = 1024.590 ; gain = 0.000
---------------------------------------------------------------------------------
Netlist sorting complete. Time (s): cpu = 00:00:00 ; elapsed = 00:00:00.001 . Memory (MB): peak = 1024.590 ; gain = 0.000
INFO: [Project 1-570] Preparing netlist for logic optimization

Processing XDC Constraints
Initializing timing engine
Parsing XDC File [C:/Users/boxiang/Desktop/ee_214_projects/project_7_4/project_7_4.srcs/constrs_1/new/p7r4.xdc]
WARNING: [Vivado 12-507] No nets matched 'save_IBUF'. [C:/Users/boxiang/Desktop/ee_214_projects/project_7_4/project_7_4.srcs/constrs_1/new/p7r4.xdc:22]
CRITICAL WARNING: [Common 17-55] 'set_property' expects at least one object. [C:/Users/boxiang/Desktop/ee_214_projects/project_7_4/project_7_4.srcs/constrs_1/new/p7r4.xdc:22]
Resolution: If [get_<value>] was used to populate the object, check to make sure this command returns at least one valid object.
Finished Parsing XDC File [C:/Users/boxiang/Desktop/ee_214_projects/project_7_4/project_7_4.srcs/constrs_1/new/p7r4.xdc]
INFO: [Project 1-236] Implementation specific constraints were found while reading constraint file [C:/Users/boxiang/Desktop/ee_214_projects/project_7_4/project_7_4.srcs/constrs_1/new/p7r4.xdc]. These constraints will be ignored for synthesis but will be used in implementation. Impacted constraints are listed in the file [.Xil/p7r4_Register_propImpl.xdc].
Resolution: To avoid this warning, move constraints listed in [.Xil/p7r4_Register_propImpl.xdc] to another XDC file and exclude this new file from synthesis with the used_in_synthesis property (File Properties dialog in GUI) and re-run elaboration/synthesis.
Completed Processing XDC Constraints

Netlist sorting complete. Time (s): cpu = 00:00:00 ; elapsed = 00:00:00 . Memory (MB): peak = 1024.590 ; gain = 0.000
INFO: [Project 1-111] Unisim Transformation Summary:
No Unisim elements were transformed.

Constraint Validation Runtime : Time (s): cpu = 00:00:00 ; elapsed = 00:00:00.005 . Memory (MB): peak = 1024.590 ; gain = 0.000
---------------------------------------------------------------------------------
Finished Constraint Validation : Time (s): cpu = 00:00:14 ; elapsed = 00:00:15 . Memory (MB): peak = 1024.590 ; gain = 0.000
---------------------------------------------------------------------------------
---------------------------------------------------------------------------------
Start Loading Part and Timing Information
---------------------------------------------------------------------------------
Loading part: xc7z007sclg400-1
---------------------------------------------------------------------------------
Finished Loading Part and Timing Information : Time (s): cpu = 00:00:14 ; elapsed = 00:00:15 . Memory (MB): peak = 1024.590 ; gain = 0.000
---------------------------------------------------------------------------------
---------------------------------------------------------------------------------
Start Applying 'set_property' XDC Constraints
---------------------------------------------------------------------------------
---------------------------------------------------------------------------------
Finished applying 'set_property' XDC Constraints : Time (s): cpu = 00:00:14 ; elapsed = 00:00:15 . Memory (MB): peak = 1024.590 ; gain = 0.000
---------------------------------------------------------------------------------
---------------------------------------------------------------------------------
Finished RTL Optimization Phase 2 : Time (s): cpu = 00:00:15 ; elapsed = 00:00:16 . Memory (MB): peak = 1024.590 ; gain = 0.000
---------------------------------------------------------------------------------
---------------------------------------------------------------------------------
Start RTL Component Statistics 
---------------------------------------------------------------------------------
Detailed RTL Component Info : 
+---Registers : 
	                1 Bit    Registers := 8     
+---Muxes : 
	   2 Input    8 Bit        Muxes := 1     
---------------------------------------------------------------------------------
Finished RTL Component Statistics 
---------------------------------------------------------------------------------
---------------------------------------------------------------------------------
Start Part Resource Summary
---------------------------------------------------------------------------------
Part Resources:
DSPs: 66 (col length:40)
BRAMs: 100 (col length: RAMB18 40 RAMB36 20)
---------------------------------------------------------------------------------
Finished Part Resource Summary
---------------------------------------------------------------------------------
---------------------------------------------------------------------------------
Start Cross Boundary and Area Optimization
---------------------------------------------------------------------------------
---------------------------------------------------------------------------------
Finished Cross Boundary and Area Optimization : Time (s): cpu = 00:00:17 ; elapsed = 00:00:18 . Memory (MB): peak = 1024.590 ; gain = 0.000
---------------------------------------------------------------------------------
---------------------------------------------------------------------------------
Start Applying XDC Timing Constraints
---------------------------------------------------------------------------------
---------------------------------------------------------------------------------
Finished Applying XDC Timing Constraints : Time (s): cpu = 00:00:25 ; elapsed = 00:00:26 . Memory (MB): peak = 1024.590 ; gain = 0.000
---------------------------------------------------------------------------------
---------------------------------------------------------------------------------
Start Timing Optimization
---------------------------------------------------------------------------------
---------------------------------------------------------------------------------
Finished Timing Optimization : Time (s): cpu = 00:00:25 ; elapsed = 00:00:26 . Memory (MB): peak = 1024.590 ; gain = 0.000
---------------------------------------------------------------------------------
---------------------------------------------------------------------------------
Start Technology Mapping
---------------------------------------------------------------------------------
---------------------------------------------------------------------------------
Finished Technology Mapping : Time (s): cpu = 00:00:25 ; elapsed = 00:00:27 . Memory (MB): peak = 1036.195 ; gain = 11.605
---------------------------------------------------------------------------------
---------------------------------------------------------------------------------
Start IO Insertion
---------------------------------------------------------------------------------
---------------------------------------------------------------------------------
Start Flattening Before IO Insertion
---------------------------------------------------------------------------------
---------------------------------------------------------------------------------
Finished Flattening Before IO Insertion
---------------------------------------------------------------------------------
---------------------------------------------------------------------------------
Start Final Netlist Cleanup
---------------------------------------------------------------------------------
---------------------------------------------------------------------------------
Finished Final Netlist Cleanup
---------------------------------------------------------------------------------
---------------------------------------------------------------------------------
Finished IO Insertion : Time (s): cpu = 00:00:33 ; elapsed = 00:00:35 . Memory (MB): peak = 1040.980 ; gain = 16.391
---------------------------------------------------------------------------------
---------------------------------------------------------------------------------
Start Renaming Generated Instances
---------------------------------------------------------------------------------
---------------------------------------------------------------------------------
Finished Renaming Generated Instances : Time (s): cpu = 00:00:33 ; elapsed = 00:00:35 . Memory (MB): peak = 1040.980 ; gain = 16.391
---------------------------------------------------------------------------------
---------------------------------------------------------------------------------
Start Rebuilding User Hierarchy
---------------------------------------------------------------------------------
---------------------------------------------------------------------------------
Finished Rebuilding User Hierarchy : Time (s): cpu = 00:00:33 ; elapsed = 00:00:35 . Memory (MB): peak = 1040.980 ; gain = 16.391
---------------------------------------------------------------------------------
---------------------------------------------------------------------------------
Start Renaming Generated Ports
---------------------------------------------------------------------------------
---------------------------------------------------------------------------------
Finished Renaming Generated Ports : Time (s): cpu = 00:00:33 ; elapsed = 00:00:35 . Memory (MB): peak = 1040.980 ; gain = 16.391
---------------------------------------------------------------------------------
---------------------------------------------------------------------------------
Start Handling Custom Attributes
---------------------------------------------------------------------------------
---------------------------------------------------------------------------------
Finished Handling Custom Attributes : Time (s): cpu = 00:00:33 ; elapsed = 00:00:35 . Memory (MB): peak = 1040.980 ; gain = 16.391
---------------------------------------------------------------------------------
---------------------------------------------------------------------------------
Start Renaming Generated Nets
---------------------------------------------------------------------------------
---------------------------------------------------------------------------------
Finished Renaming Generated Nets : Time (s): cpu = 00:00:33 ; elapsed = 00:00:35 . Memory (MB): peak = 1040.980 ; gain = 16.391
---------------------------------------------------------------------------------
---------------------------------------------------------------------------------
Start Writing Synthesis Report
---------------------------------------------------------------------------------

Report BlackBoxes: 
+-+--------------+----------+
| |BlackBox name |Instances |
+-+--------------+----------+
+-+--------------+----------+

Report Cell Usage: 
+------+-----+------+
|      |Cell |Count |
+------+-----+------+
|1     |BUFG |     1|
|2     |LUT3 |     8|
|3     |FDCE |     8|
|4     |IBUF |    11|
|5     |OBUF |     8|
+------+-----+------+
---------------------------------------------------------------------------------
Finished Writing Synthesis Report : Time (s): cpu = 00:00:33 ; elapsed = 00:00:35 . Memory (MB): peak = 1040.980 ; gain = 16.391
---------------------------------------------------------------------------------
Synthesis finished with 0 errors, 0 critical warnings and 0 warnings.
Synthesis Optimization Runtime : Time (s): cpu = 00:00:24 ; elapsed = 00:00:33 . Memory (MB): peak = 1040.980 ; gain = 16.391
Synthesis Optimization Complete : Time (s): cpu = 00:00:33 ; elapsed = 00:00:35 . Memory (MB): peak = 1040.980 ; gain = 16.391
INFO: [Project 1-571] Translating synthesized netlist
Netlist sorting complete. Time (s): cpu = 00:00:00 ; elapsed = 00:00:00 . Memory (MB): peak = 1040.980 ; gain = 0.000
INFO: [Project 1-570] Preparing netlist for logic optimization
INFO: [Opt 31-138] Pushed 0 inverter(s) to 0 load pin(s).
Netlist sorting complete. Time (s): cpu = 00:00:00 ; elapsed = 00:00:00 . Memory (MB): peak = 1052.570 ; gain = 0.000
INFO: [Project 1-111] Unisim Transformation Summary:
No Unisim elements were transformed.

INFO: [Common 17-83] Releasing license: Synthesis
19 Infos, 1 Warnings, 1 Critical Warnings and 0 Errors encountered.
synth_design completed successfully
synth_design: Time (s): cpu = 00:00:40 ; elapsed = 00:00:46 . Memory (MB): peak = 1052.570 ; gain = 27.980
INFO: [Common 17-1381] The checkpoint 'C:/Users/boxiang/Desktop/ee_214_projects/project_7_4/project_7_4.runs/synth_1/p7r4_Register.dcp' has been generated.
INFO: [runtcl-4] Executing : report_utilization -file p7r4_Register_utilization_synth.rpt -pb p7r4_Register_utilization_synth.pb
INFO: [Common 17-206] Exiting Vivado at Sat Oct 31 15:26:16 2020...
