Copyright 1986-2020 Xilinx, Inc. All Rights Reserved.
------------------------------------------------------------------------------------------
| Tool Version : Vivado v.2020.1 (win64) Build 2902540 Wed May 27 19:54:49 MDT 2020
| Date         : Sat Nov  7 11:26:09 2020
| Host         : LAPTOP-SIBN5NI1 running 64-bit major release  (build 9200)
| Command      : report_clock_utilization -file p8r2_divider_clock_utilization_routed.rpt
| Design       : p8r2_divider
| Device       : 7z007s-clg400
| Speed File   : -1  PRODUCTION 1.12 2019-11-22
| Design State : Routed
------------------------------------------------------------------------------------------

Clock Utilization Report

Table of Contents
-----------------
1. Clock Primitive Utilization
2. Global Clock Resources
3. Global Clock Source Details
4. Local Clock Details
5. Clock Regions: Key Resource Utilization
6. Clock Regions : Global Clock Summary
7. Device Cell Placement Summary for Global Clock g0
8. Clock Region Cell Placement per Global Clock: Region X1Y0

1. Clock Primitive Utilization
------------------------------

+----------+------+-----------+-----+--------------+--------+
| Type     | Used | Available | LOC | Clock Region | Pblock |
+----------+------+-----------+-----+--------------+--------+
| BUFGCTRL |    1 |        32 |   0 |            0 |      0 |
| BUFH     |    0 |        48 |   0 |            0 |      0 |
| BUFIO    |    0 |         8 |   0 |            0 |      0 |
| BUFMR    |    0 |         4 |   0 |            0 |      0 |
| BUFR     |    0 |         8 |   0 |            0 |      0 |
| MMCM     |    0 |         2 |   0 |            0 |      0 |
| PLL      |    0 |         2 |   0 |            0 |      0 |
+----------+------+-----------+-----+--------------+--------+


2. Global Clock Resources
-------------------------

+-----------+-----------+-----------------+------------+----------------+--------------+-------------------+-------------+-----------------+--------------+-------+----------------------+---------------+
| Global Id | Source Id | Driver Type/Pin | Constraint | Site           | Clock Region | Load Clock Region | Clock Loads | Non-Clock Loads | Clock Period | Clock | Driver Pin           | Net           |
+-----------+-----------+-----------------+------------+----------------+--------------+-------------------+-------------+-----------------+--------------+-------+----------------------+---------------+
| g0        | src0      | BUFG/O          | None       | BUFGCTRL_X0Y16 | n/a          |                 1 |           1 |               0 |              |       | clk_IBUF_BUFG_inst/O | clk_IBUF_BUFG |
+-----------+-----------+-----------------+------------+----------------+--------------+-------------------+-------------+-----------------+--------------+-------+----------------------+---------------+
* Clock Loads column represents the clock pin loads (pin count)
** Non-Clock Loads column represents the non-clock pin loads (pin count)


3. Global Clock Source Details
------------------------------

+-----------+-----------+-----------------+------------+-----------+--------------+-------------+-----------------+---------------------+--------------+-----------------+----------+
| Source Id | Global Id | Driver Type/Pin | Constraint | Site      | Clock Region | Clock Loads | Non-Clock Loads | Source Clock Period | Source Clock | Driver Pin      | Net      |
+-----------+-----------+-----------------+------------+-----------+--------------+-------------+-----------------+---------------------+--------------+-----------------+----------+
| src0      | g0        | IBUF/O          | IOB_X0Y74  | IOB_X0Y74 | X1Y1         |           1 |               0 |                     |              | clk_IBUF_inst/O | clk_IBUF |
+-----------+-----------+-----------------+------------+-----------+--------------+-------------+-----------------+---------------------+--------------+-----------------+----------+
* Clock Loads column represents the clock pin loads (pin count)
** Non-Clock Loads column represents the non-clock pin loads (pin count)


4. Local Clock Details
----------------------

+----------+-----------------+------------+------------------+--------------+-------------+-----------------+--------------+-------+------------------------------------+------------------------------------+
| Local Id | Driver Type/Pin | Constraint | Site/BEL         | Clock Region | Clock Loads | Non-Clock Loads | Clock Period | Clock | Driver Pin                         | Net                                |
+----------+-----------------+------------+------------------+--------------+-------------+-----------------+--------------+-------+------------------------------------+------------------------------------||
| 0        | FDCE/Q          | None       | SLICE_X41Y19/AFF | X1Y0         |           4 |               1 |              |       | dff_gen_label[26].dff_inst/Q_reg/Q | dff_gen_label[26].dff_inst/CLK     - Static -
| 1        | FDCE/Q          | None       | SLICE_X36Y23/AFF | X1Y0         |           1 |               1 |              |       | dff_gen_label[10].dff_inst/Q_reg/Q | dff_gen_label[10].dff_inst/Q_reg_0 - Static -
| 2        | FDCE/Q          | None       | SLICE_X37Y23/AFF | X1Y0         |           1 |               1 |              |       | dff_gen_label[11].dff_inst/Q_reg/Q | dff_gen_label[11].dff_inst/Q_reg_0 - Static -
| 3        | FDCE/Q          | None       | SLICE_X38Y23/AFF | X1Y0         |           1 |               1 |              |       | dff_gen_label[12].dff_inst/Q_reg/Q | dff_gen_label[12].dff_inst/Q_reg_0 - Static -
| 4        | FDCE/Q          | None       | SLICE_X37Y22/AFF | X1Y0         |           1 |               1 |              |       | dff_gen_label[13].dff_inst/Q_reg/Q | dff_gen_label[13].dff_inst/Q_reg_0 - Static -
| 5        | FDCE/Q          | None       | SLICE_X38Y22/AFF | X1Y0         |           1 |               1 |              |       | dff_gen_label[14].dff_inst/Q_reg/Q | dff_gen_label[14].dff_inst/Q_reg_0 - Static -
| 6        | FDCE/Q          | None       | SLICE_X39Y22/AFF | X1Y0         |           1 |               1 |              |       | dff_gen_label[15].dff_inst/Q_reg/Q | dff_gen_label[15].dff_inst/Q_reg_0 - Static -
| 7        | FDCE/Q          | None       | SLICE_X40Y22/AFF | X1Y0         |           1 |               1 |              |       | dff_gen_label[16].dff_inst/Q_reg/Q | dff_gen_label[16].dff_inst/Q_reg_0 - Static -
| 8        | FDCE/Q          | None       | SLICE_X39Y21/AFF | X1Y0         |           1 |               1 |              |       | dff_gen_label[17].dff_inst/Q_reg/Q | dff_gen_label[17].dff_inst/Q_reg_0 - Static -
| 9        | FDCE/Q          | None       | SLICE_X40Y21/AFF | X1Y0         |           1 |               1 |              |       | dff_gen_label[18].dff_inst/Q_reg/Q | dff_gen_label[18].dff_inst/Q_reg_0 - Static -
| 10       | FDCE/Q          | None       | SLICE_X41Y21/AFF | X1Y0         |           1 |               1 |              |       | dff_gen_label[19].dff_inst/Q_reg/Q | dff_gen_label[19].dff_inst/Q_reg_0 - Static -
| 11       | FDCE/Q          | None       | SLICE_X40Y24/AFF | X1Y0         |           1 |               1 |              |       | dff_gen_label[1].dff_inst/Q_reg/Q  | dff_gen_label[1].dff_inst/Q_reg_0  - Static -
| 12       | FDCE/Q          | None       | SLICE_X42Y21/AFF | X1Y0         |           1 |               1 |              |       | dff_gen_label[20].dff_inst/Q_reg/Q | dff_gen_label[20].dff_inst/Q_reg_0 - Static -
| 13       | FDCE/Q          | None       | SLICE_X42Y20/AFF | X1Y0         |           1 |               1 |              |       | dff_gen_label[21].dff_inst/Q_reg/Q | dff_gen_label[21].dff_inst/Q_reg_0 - Static -
| 14       | FDCE/Q          | None       | SLICE_X41Y20/AFF | X1Y0         |           1 |               1 |              |       | dff_gen_label[22].dff_inst/Q_reg/Q | dff_gen_label[22].dff_inst/Q_reg_0 - Static -
| 15       | FDCE/Q          | None       | SLICE_X40Y20/AFF | X1Y0         |           1 |               1 |              |       | dff_gen_label[23].dff_inst/Q_reg/Q | dff_gen_label[23].dff_inst/Q_reg_0 - Static -
| 16       | FDCE/Q          | None       | SLICE_X39Y20/AFF | X1Y0         |           1 |               1 |              |       | dff_gen_label[24].dff_inst/Q_reg/Q | dff_gen_label[24].dff_inst/Q_reg_0 - Static -
| 17       | FDCE/Q          | None       | SLICE_X40Y19/AFF | X1Y0         |           1 |               1 |              |       | dff_gen_label[25].dff_inst/Q_reg/Q | dff_gen_label[25].dff_inst/Q_reg_0 - Static -
| 18       | FDCE/Q          | None       | SLICE_X41Y24/AFF | X1Y0         |           1 |               1 |              |       | dff_gen_label[2].dff_inst/Q_reg/Q  | dff_gen_label[2].dff_inst/Q_reg_0  - Static -
| 19       | FDCE/Q          | None       | SLICE_X42Y24/AFF | X1Y0         |           1 |               1 |              |       | dff_gen_label[3].dff_inst/Q_reg/Q  | dff_gen_label[3].dff_inst/Q_reg_0  - Static -
| 20       | FDCE/Q          | None       | SLICE_X43Y24/AFF | X1Y0         |           1 |               1 |              |       | dff_gen_label[4].dff_inst/Q_reg/Q  | dff_gen_label[4].dff_inst/Q_reg_0  - Static -
| 21       | FDCE/Q          | None       | SLICE_X43Y25/AFF | X1Y0         |           1 |               1 |              |       | dff_gen_label[5].dff_inst/Q_reg/Q  | dff_gen_label[5].dff_inst/Q_reg_0  - Static -
| 22       | FDCE/Q          | None       | SLICE_X42Y25/AFF | X1Y0         |           1 |               1 |              |       | dff_gen_label[6].dff_inst/Q_reg/Q  | dff_gen_label[6].dff_inst/Q_reg_0  - Static -
| 23       | FDCE/Q          | None       | SLICE_X42Y23/AFF | X1Y0         |           1 |               1 |              |       | dff_gen_label[7].dff_inst/Q_reg/Q  | dff_gen_label[7].dff_inst/Q_reg_0  - Static -
| 24       | FDCE/Q          | None       | SLICE_X41Y23/AFF | X1Y0         |           1 |               1 |              |       | dff_gen_label[8].dff_inst/Q_reg/Q  | dff_gen_label[8].dff_inst/Q_reg_0  - Static -
| 25       | FDCE/Q          | None       | SLICE_X40Y23/AFF | X1Y0         |           1 |               1 |              |       | dff_gen_label[9].dff_inst/Q_reg/Q  | dff_gen_label[9].dff_inst/Q_reg_0  - Static -
| 26       | FDCE/Q          | None       | SLICE_X39Y24/AFF | X1Y0         |           1 |               1 |              |       | dff_inst0/Q_reg/Q                  | dff_inst0/Q                        - Static -
+----------+-----------------+------------+------------------+--------------+-------------+-----------------+--------------+-------+------------------------------------+------------------------------------||
* Local Clocks in this context represents only clocks driven by non-global buffers
** Clock Loads column represents the clock pin loads (pin count)
*** Non-Clock Loads column represents the non-clock pin loads (pin count)


5. Clock Regions: Key Resource Utilization
------------------------------------------

+-------------------+--------------+--------------+--------------+--------------+--------------+--------------+--------------+--------------+--------------+--------------+--------------+--------------+--------------+--------------+--------------+
|                   | Global Clock |     BUFRs    |    BUFMRs    |    BUFIOs    |     MMCM     |      PLL     |      GT      |      PCI     |    ILOGIC    |    OLOGIC    |      FF      |     LUTM     |    RAMB18    |    RAMB36    |    DSP48E2   |
+-------------------+------+-------+------+-------+------+-------+------+-------+------+-------+------+-------+------+-------+------+-------+------+-------+------+-------+------+-------+------+-------+------+-------+------+-------+------+-------+
| Clock Region Name | Used | Avail | Used | Avail | Used | Avail | Used | Avail | Used | Avail | Used | Avail | Used | Avail | Used | Avail | Used | Avail | Used | Avail | Used | Avail | Used | Avail | Used | Avail | Used | Avail | Used | Avail |
+-------------------+------+-------+------+-------+------+-------+------+-------+------+-------+------+-------+------+-------+------+-------+------+-------+------+-------+------+-------+------+-------+------+-------+------+-------+------+-------+
| X0Y0              |    0 |    12 |    0 |     0 |    0 |     0 |    0 |     0 |    0 |     0 |    0 |     0 |    0 |     0 |    0 |     0 |    0 |     0 |    0 |     0 |    0 |  1100 |    0 |   400 |    0 |    20 |    0 |    10 |    0 |    20 |
| X1Y0              |    1 |    12 |    0 |     4 |    0 |     2 |    0 |     4 |    0 |     1 |    0 |     1 |    0 |     0 |    0 |     0 |    0 |    50 |    0 |    50 |   31 |  1100 |   14 |   350 |    0 |    40 |    0 |    20 |    0 |    20 |
| X0Y1              |    0 |    12 |    0 |     0 |    0 |     0 |    0 |     0 |    0 |     0 |    0 |     0 |    0 |     0 |    0 |     0 |    0 |     0 |    0 |     0 |    0 |  1100 |    0 |   400 |    0 |    20 |    0 |    10 |    0 |    20 |
| X1Y1              |    0 |    12 |    0 |     4 |    0 |     2 |    0 |     4 |    0 |     1 |    0 |     1 |    0 |     0 |    0 |     0 |    0 |    50 |    0 |    50 |    0 |  1100 |    0 |   350 |    0 |    40 |    0 |    20 |    0 |    20 |
+-------------------+------+-------+------+-------+------+-------+------+-------+------+-------+------+-------+------+-------+------+-------+------+-------+------+-------+------+-------+------+-------+------+-------+------+-------+------+-------+
* Global Clock column represents track count; while other columns represents cell counts


6. Clock Regions : Global Clock Summary
---------------------------------------

All Modules
+----+----+----+
|    | X0 | X1 |
+----+----+----+
| Y1 |  0 |  0 |
| Y0 |  0 |  1 |
+----+----+----+


7. Device Cell Placement Summary for Global Clock g0
----------------------------------------------------

+-----------+-----------------+-------------------+-------+-------------+---------------+-------------+----------+----------------+----------+---------------+
| Global Id | Driver Type/Pin | Driver Region (D) | Clock | Period (ns) | Waveform (ns) | Slice Loads | IO Loads | Clocking Loads | GT Loads | Net           |
+-----------+-----------------+-------------------+-------+-------------+---------------+-------------+----------+----------------+----------+---------------+
| g0        | BUFG/O          | n/a               |       |             |               |           1 |        0 |              0 |        0 | clk_IBUF_BUFG |
+-----------+-----------------+-------------------+-------+-------------+---------------+-------------+----------+----------------+----------+---------------+
* Slice Loads column represents load cell count of all cell types other than IO, GT and clock resources
** IO Loads column represents load cell count of IO types
*** Clocking Loads column represents load cell count that are clock resources (global clock buffer, MMCM, PLL, etc)
**** GT Loads column represents load cell count of GT types


+----+----+----+
|    | X0 | X1 |
+----+----+----+
| Y1 |  0 |  0 |
| Y0 |  0 |  1 |
+----+----+----+


8. Clock Region Cell Placement per Global Clock: Region X1Y0
------------------------------------------------------------

+-----------+-------+-----------------+------------+-------------+-----------------+----+--------+------+-----+----+------+-----+---------+---------------+
| Global Id | Track | Driver Type/Pin | Constraint | Clock Loads | Non-Clock Loads | FF | LUTRAM | RAMB | DSP | GT | MMCM | PLL | Hard IP | Net           |
+-----------+-------+-----------------+------------+-------------+-----------------+----+--------+------+-----+----+------+-----+---------+---------------+
| g0        | n/a   | BUFG/O          | None       |           1 |               0 |  1 |      0 |    0 |   0 |  0 |    0 |   0 |       0 | clk_IBUF_BUFG |
+-----------+-------+-----------------+------------+-------------+-----------------+----+--------+------+-----+----+------+-----+---------+---------------+
* Clock Loads column represents the clock pin loads (pin count)
** Non-Clock Loads column represents the non-clock pin loads (pin count)
*** Columns FF, LUTRAM, RAMB through 'Hard IP' represents load cell counts



# Location of BUFG Primitives 
set_property LOC BUFGCTRL_X0Y16 [get_cells clk_IBUF_BUFG_inst]

# Location of IO Primitives which is load of clock spine

# Location of clock ports
set_property LOC IOB_X0Y74 [get_ports clk]

# Clock net "clk_IBUF_BUFG" driven by instance "clk_IBUF_BUFG_inst" located at site "BUFGCTRL_X0Y16"
#startgroup
create_pblock {CLKAG_clk_IBUF_BUFG}
add_cells_to_pblock [get_pblocks  {CLKAG_clk_IBUF_BUFG}] [get_cells -filter { PRIMITIVE_GROUP != I/O && IS_PRIMITIVE==1 && PRIMITIVE_LEVEL !=INTERNAL } -of_object [get_pins -filter {DIRECTION==IN} -of_objects [get_nets -hierarchical -filter {PARENT=="clk_IBUF_BUFG"}]]]
resize_pblock [get_pblocks {CLKAG_clk_IBUF_BUFG}] -add {CLOCKREGION_X1Y0:CLOCKREGION_X1Y0}
#endgroup
