Copyright 1986-2020 Xilinx, Inc. All Rights Reserved.
------------------------------------------------------------------------------------
| Tool Version : Vivado v.2020.1 (win64) Build 2902540 Wed May 27 19:54:49 MDT 2020
| Date         : Tue Dec 15 18:19:45 2020
| Host         : LAPTOP-SIBN5NI1 running 64-bit major release  (build 9200)
| Command      : report_control_sets -verbose -file wrapper_control_sets_placed.rpt
| Design       : wrapper
| Device       : xc7z007s
------------------------------------------------------------------------------------

Control Set Information

Table of Contents
-----------------
1. Summary
2. Histogram
3. Flip-Flop Distribution
4. Detailed Control Set Information

1. Summary
----------

+----------------------------------------------------------+-------+
|                          Status                          | Count |
+----------------------------------------------------------+-------+
| Total control sets                                       |    10 |
|    Minimum number of control sets                        |    10 |
|    Addition due to synthesis replication                 |     0 |
|    Addition due to physical synthesis replication        |     0 |
| Unused register locations in slices containing registers |    36 |
+----------------------------------------------------------+-------+
* Control sets can be merged at opt_design using control_set_merge or merge_equivalent_drivers
** Run report_qor_suggestions for automated merging and remapping suggestions


2. Histogram
------------

+--------------------+-------+
|       Fanout       | Count |
+--------------------+-------+
| Total control sets |    10 |
| >= 0 to < 4        |     3 |
| >= 4 to < 6        |     0 |
| >= 6 to < 8        |     0 |
| >= 8 to < 10       |     0 |
| >= 10 to < 12      |     0 |
| >= 12 to < 14      |     0 |
| >= 14 to < 16      |     1 |
| >= 16              |     6 |
+--------------------+-------+
* Control sets can be remapped at either synth_design or opt_design


3. Flip-Flop Distribution
-------------------------

+--------------+-----------------------+------------------------+-----------------+--------------+
| Clock Enable | Synchronous Set/Reset | Asynchronous Set/Reset | Total Registers | Total Slices |
+--------------+-----------------------+------------------------+-----------------+--------------+
| No           | No                    | No                     |              25 |           10 |
| No           | No                    | Yes                    |               3 |            1 |
| No           | Yes                   | No                     |              82 |           21 |
| Yes          | No                    | No                     |              16 |            3 |
| Yes          | No                    | Yes                    |              14 |            4 |
| Yes          | Yes                   | No                     |               0 |            0 |
+--------------+-----------------------+------------------------+-----------------+--------------+


4. Detailed Control Set Information
-----------------------------------

+--------------------------+------------------+-------------------+------------------+----------------+--------------+
|       Clock Signal       |   Enable Signal  |  Set/Reset Signal | Slice Load Count | Bel Load Count | Bels / Slice |
+--------------------------+------------------+-------------------+------------------+----------------+--------------+
|  slowClk_BUFG            |                  |                   |                2 |              2 |         1.00 |
|  Display/kiloclock/CLK   |                  |                   |                1 |              2 |         2.00 |
|  slowClk_BUFG            |                  | rst_IBUF          |                1 |              3 |         3.00 |
|  kilocount/clk_out_reg_0 | counter/led_OBUF | rst_IBUF          |                4 |             14 |         3.50 |
|  slowClk_BUFG            |                  | counter/counter0  |                4 |             16 |         4.00 |
|  slowClk_BUFG            | counter/compare0 |                   |                3 |             16 |         5.33 |
|  clk_IBUF_BUFG           |                  | rst_IBUF          |                3 |             16 |         5.33 |
|  clk_IBUF_BUFG           |                  |                   |                7 |             21 |         3.00 |
|  clk_IBUF_BUFG           |                  | slowClock/clk_out |                7 |             25 |         3.57 |
|  clk_IBUF_BUFG           |                  | kilocount/clk_out |                7 |             25 |         3.57 |
+--------------------------+------------------+-------------------+------------------+----------------+--------------+


